<?xml version="1.0" encoding="UTF-8"?>
<testsuites name="Mocha Tests" time="0.986" tests="4" failures="0">
  <testsuite name="Root Suite" timestamp="2024-01-31T18:57:27" tests="0" file="cypress/e2e/network/getRequests.cy.js" time="0.000" failures="0">
  </testsuite>
  <testsuite name="Requests: GET" timestamp="2024-01-31T18:57:28" tests="4" time="0.965" failures="0">
    <testcase name="Requests: GET should render players in a list with id &quot;#players-list&quot;" time="0.306" classname="should render players in a list with id &quot;#players-list&quot;">
    </testcase>
    <testcase name="Requests: GET should render players as focusable links inside list items" time="0.150" classname="should render players as focusable links inside list items">
    </testcase>
    <testcase name="Requests: GET should not show player status before a link is clicked" time="0.190" classname="should not show player status before a link is clicked">
    </testcase>
    <testcase name="Requests: GET should show player status when player link is clicked" time="0.253" classname="should show player status when player link is clicked">
    </testcase>
  </testsuite>
</testsuites>