<?xml version="1.0" encoding="UTF-8"?>
<testsuites name="Mocha Tests" time="1.681" tests="2" failures="0">
  <testsuite name="Root Suite" timestamp="2024-02-04T21:02:26" tests="0" file="cypress/e2e/network/authRequests.cy.js" time="0.000" failures="0">
  </testsuite>
  <testsuite name="Requests: REGISTER" timestamp="2024-02-04T21:02:26" tests="2" time="1.678" failures="0">
    <testcase name="Requests: REGISTER should be able to succesfully complete the registration process" time="0.953" classname="should be able to succesfully complete the registration process">
    </testcase>
    <testcase name="Requests: REGISTER should not be able to register if post-request fails" time="0.675" classname="should not be able to register if post-request fails">
    </testcase>
  </testsuite>
</testsuites>