<?xml version="1.0" encoding="UTF-8"?>
<testsuites name="Mocha Tests" time="1.644" tests="2" failures="0">
  <testsuite name="Root Suite" timestamp="2024-02-04T20:59:48" tests="0" file="cypress/e2e/network/authRequests.cy.js" time="0.000" failures="0">
  </testsuite>
  <testsuite name="Requests: REGISTER" timestamp="2024-02-04T20:59:48" tests="2" time="1.642" failures="0">
    <testcase name="Requests: REGISTER should be able to succesfully complete the registration process" time="0.924" classname="should be able to succesfully complete the registration process">
    </testcase>
    <testcase name="Requests: REGISTER should not be able to register if post-request fails" time="0.668" classname="should not be able to register if post-request fails">
    </testcase>
  </testsuite>
</testsuites>