<?xml version="1.0" encoding="UTF-8"?>
<testsuites name="Mocha Tests" time="1.871" tests="2" failures="0">
  <testsuite name="Root Suite" timestamp="2024-02-04T20:59:50" tests="0" file="cypress/e2e/network/deleteRequests.cy.js" time="0.000" failures="0">
  </testsuite>
  <testsuite name="Requests: DELETE" timestamp="2024-02-04T20:59:50" tests="2" time="1.868" failures="0">
    <testcase name="Requests: DELETE should be able to successfully delete a player from the backend" time="1.013" classname="should be able to successfully delete a player from the backend">
    </testcase>
    <testcase name="Requests: DELETE should not delete player when delete request is unsuccesful" time="0.813" classname="should not delete player when delete request is unsuccesful">
    </testcase>
  </testsuite>
</testsuites>